app/build/intermediates/manifest_merge_blame_file/release/manifest-merger-blame-release-report.txt
1<?xml version="1.0" encoding="utf-8"?>
2<manifest xmlns:android="http://schemas.android.com/apk/res/android"
3    package="com.mrcomic"
4    android:versionCode="1"
5    android:versionName="1.0" >
6
7    <uses-sdk
8        android:minSdkVersion="26"
9        android:targetSdkVersion="34" />
10    <!-- Although the *SdkVersion is captured in gradle build files, this is required for non gradle builds -->
11    <!-- <uses-sdk android:minSdkVersion="14"/> -->
12    <uses-permission android:name="android.permission.ACCESS_NETWORK_STATE" />
12-->[com.google.firebase:firebase-storage:20.3.0] AndroidManifest.xml:23:5-79
12-->[com.google.firebase:firebase-storage:20.3.0] AndroidManifest.xml:23:22-76
13    <uses-permission android:name="android.permission.INTERNET" />
13-->[com.google.firebase:firebase-storage:20.3.0] AndroidManifest.xml:24:5-67
13-->[com.google.firebase:firebase-storage:20.3.0] AndroidManifest.xml:24:22-64
14    <uses-permission android:name="android.permission.WAKE_LOCK" />
14-->[androidx.work:work-runtime:2.9.0] AndroidManifest.xml:23:5-68
14-->[androidx.work:work-runtime:2.9.0] AndroidManifest.xml:23:22-65
15    <uses-permission android:name="android.permission.RECEIVE_BOOT_COMPLETED" />
15-->[androidx.work:work-runtime:2.9.0] AndroidManifest.xml:25:5-81
15-->[androidx.work:work-runtime:2.9.0] AndroidManifest.xml:25:22-78
16    <uses-permission android:name="android.permission.FOREGROUND_SERVICE" />
16-->[androidx.work:work-runtime:2.9.0] AndroidManifest.xml:26:5-77
16-->[androidx.work:work-runtime:2.9.0] AndroidManifest.xml:26:22-74
17
18    <permission
18-->[androidx.core:core:1.13.1] AndroidManifest.xml:22:5-24:47
19        android:name="com.mrcomic.DYNAMIC_RECEIVER_NOT_EXPORTED_PERMISSION"
19-->[androidx.core:core:1.13.1] AndroidManifest.xml:23:9-81
20        android:protectionLevel="signature" />
20-->[androidx.core:core:1.13.1] AndroidManifest.xml:24:9-44
21
22    <uses-permission android:name="com.mrcomic.DYNAMIC_RECEIVER_NOT_EXPORTED_PERMISSION" />
22-->[androidx.core:core:1.13.1] AndroidManifest.xml:26:5-97
22-->[androidx.core:core:1.13.1] AndroidManifest.xml:26:22-94
23
24    <application
24-->src\main\AndroidManifest.xml:2:5-9:19
25        android:appComponentFactory="androidx.core.app.CoreComponentFactory"
25-->[androidx.core:core:1.13.1] AndroidManifest.xml:28:18-86
26        android:extractNativeLibs="false" >
27        <activity
27-->src\main\AndroidManifest.xml:3:9-8:20
28            android:name="com.mrcomic.MainActivity"
28-->src\main\AndroidManifest.xml:3:19-47
29            android:exported="true" >
29-->src\main\AndroidManifest.xml:3:48-71
30            <intent-filter>
30-->src\main\AndroidManifest.xml:4:13-7:29
31                <action android:name="android.intent.action.MAIN" />
31-->src\main\AndroidManifest.xml:5:17-69
31-->src\main\AndroidManifest.xml:5:25-66
32
33                <category android:name="android.intent.category.LAUNCHER" />
33-->src\main\AndroidManifest.xml:6:17-77
33-->src\main\AndroidManifest.xml:6:27-74
34            </intent-filter>
35        </activity>
36
37        <service
37-->[com.google.firebase:firebase-storage:20.3.0] AndroidManifest.xml:27:9-36:19
38            android:name="com.google.firebase.components.ComponentDiscoveryService"
38-->[com.google.firebase:firebase-storage:20.3.0] AndroidManifest.xml:28:13-84
39            android:directBootAware="true"
39-->[com.google.firebase:firebase-common:20.4.2] AndroidManifest.xml:32:13-43
40            android:exported="false" >
40-->[com.google.firebase:firebase-storage:20.3.0] AndroidManifest.xml:29:13-37
41            <meta-data
41-->[com.google.firebase:firebase-storage:20.3.0] AndroidManifest.xml:30:13-32:85
42                android:name="com.google.firebase.components:com.google.firebase.storage.FirebaseStorageKtxRegistrar"
42-->[com.google.firebase:firebase-storage:20.3.0] AndroidManifest.xml:31:17-118
43                android:value="com.google.firebase.components.ComponentRegistrar" />
43-->[com.google.firebase:firebase-storage:20.3.0] AndroidManifest.xml:32:17-82
44            <meta-data
44-->[com.google.firebase:firebase-storage:20.3.0] AndroidManifest.xml:33:13-35:85
45                android:name="com.google.firebase.components:com.google.firebase.storage.StorageRegistrar"
45-->[com.google.firebase:firebase-storage:20.3.0] AndroidManifest.xml:34:17-107
46                android:value="com.google.firebase.components.ComponentRegistrar" />
46-->[com.google.firebase:firebase-storage:20.3.0] AndroidManifest.xml:35:17-82
47            <meta-data
47-->[com.google.firebase:firebase-appcheck:17.1.0] AndroidManifest.xml:25:13-27:85
48                android:name="com.google.firebase.components:com.google.firebase.appcheck.FirebaseAppCheckKtxRegistrar"
48-->[com.google.firebase:firebase-appcheck:17.1.0] AndroidManifest.xml:26:17-120
49                android:value="com.google.firebase.components.ComponentRegistrar" />
49-->[com.google.firebase:firebase-appcheck:17.1.0] AndroidManifest.xml:27:17-82
50            <meta-data
50-->[com.google.firebase:firebase-appcheck:17.1.0] AndroidManifest.xml:28:13-30:85
51                android:name="com.google.firebase.components:com.google.firebase.appcheck.FirebaseAppCheckRegistrar"
51-->[com.google.firebase:firebase-appcheck:17.1.0] AndroidManifest.xml:29:17-117
52                android:value="com.google.firebase.components.ComponentRegistrar" />
52-->[com.google.firebase:firebase-appcheck:17.1.0] AndroidManifest.xml:30:17-82
53            <meta-data
53-->[com.google.firebase:firebase-common-ktx:20.4.2] AndroidManifest.xml:12:13-14:85
54                android:name="com.google.firebase.components:com.google.firebase.ktx.FirebaseCommonLegacyRegistrar"
54-->[com.google.firebase:firebase-common-ktx:20.4.2] AndroidManifest.xml:13:17-116
55                android:value="com.google.firebase.components.ComponentRegistrar" />
55-->[com.google.firebase:firebase-common-ktx:20.4.2] AndroidManifest.xml:14:17-82
56            <meta-data
56-->[com.google.firebase:firebase-common:20.4.2] AndroidManifest.xml:35:13-37:85
57                android:name="com.google.firebase.components:com.google.firebase.FirebaseCommonKtxRegistrar"
57-->[com.google.firebase:firebase-common:20.4.2] AndroidManifest.xml:36:17-109
58                android:value="com.google.firebase.components.ComponentRegistrar" />
58-->[com.google.firebase:firebase-common:20.4.2] AndroidManifest.xml:37:17-82
59        </service>
60
61        <activity
61-->[com.google.android.gms:play-services-base:18.0.1] AndroidManifest.xml:20:9-22:45
62            android:name="com.google.android.gms.common.api.GoogleApiActivity"
62-->[com.google.android.gms:play-services-base:18.0.1] AndroidManifest.xml:20:19-85
63            android:exported="false"
63-->[com.google.android.gms:play-services-base:18.0.1] AndroidManifest.xml:22:19-43
64            android:theme="@android:style/Theme.Translucent.NoTitleBar" />
64-->[com.google.android.gms:play-services-base:18.0.1] AndroidManifest.xml:21:19-78
65
66        <provider
66-->[com.google.firebase:firebase-common:20.4.2] AndroidManifest.xml:23:9-28:39
67            android:name="com.google.firebase.provider.FirebaseInitProvider"
67-->[com.google.firebase:firebase-common:20.4.2] AndroidManifest.xml:24:13-77
68            android:authorities="com.mrcomic.firebaseinitprovider"
68-->[com.google.firebase:firebase-common:20.4.2] AndroidManifest.xml:25:13-72
69            android:directBootAware="true"
69-->[com.google.firebase:firebase-common:20.4.2] AndroidManifest.xml:26:13-43
70            android:exported="false"
70-->[com.google.firebase:firebase-common:20.4.2] AndroidManifest.xml:27:13-37
71            android:initOrder="100" />
71-->[com.google.firebase:firebase-common:20.4.2] AndroidManifest.xml:28:13-36
72        <provider
72-->[androidx.work:work-runtime:2.9.0] AndroidManifest.xml:29:9-37:20
73            android:name="androidx.startup.InitializationProvider"
73-->[androidx.work:work-runtime:2.9.0] AndroidManifest.xml:30:13-67
74            android:authorities="com.mrcomic.androidx-startup"
74-->[androidx.work:work-runtime:2.9.0] AndroidManifest.xml:31:13-68
75            android:exported="false" >
75-->[androidx.work:work-runtime:2.9.0] AndroidManifest.xml:32:13-37
76            <meta-data
76-->[androidx.work:work-runtime:2.9.0] AndroidManifest.xml:34:13-36:52
77                android:name="androidx.work.WorkManagerInitializer"
77-->[androidx.work:work-runtime:2.9.0] AndroidManifest.xml:35:17-68
78                android:value="androidx.startup" />
78-->[androidx.work:work-runtime:2.9.0] AndroidManifest.xml:36:17-49
79            <meta-data
79-->[androidx.emoji2:emoji2:1.3.0] AndroidManifest.xml:29:13-31:52
80                android:name="androidx.emoji2.text.EmojiCompatInitializer"
80-->[androidx.emoji2:emoji2:1.3.0] AndroidManifest.xml:30:17-75
81                android:value="androidx.startup" />
81-->[androidx.emoji2:emoji2:1.3.0] AndroidManifest.xml:31:17-49
82            <meta-data
82-->[androidx.lifecycle:lifecycle-process:2.6.2] AndroidManifest.xml:29:13-31:52
83                android:name="androidx.lifecycle.ProcessLifecycleInitializer"
83-->[androidx.lifecycle:lifecycle-process:2.6.2] AndroidManifest.xml:30:17-78
84                android:value="androidx.startup" />
84-->[androidx.lifecycle:lifecycle-process:2.6.2] AndroidManifest.xml:31:17-49
85            <meta-data
85-->[androidx.profileinstaller:profileinstaller:1.3.1] AndroidManifest.xml:29:13-31:52
86                android:name="androidx.profileinstaller.ProfileInstallerInitializer"
86-->[androidx.profileinstaller:profileinstaller:1.3.1] AndroidManifest.xml:30:17-85
87                android:value="androidx.startup" />
87-->[androidx.profileinstaller:profileinstaller:1.3.1] AndroidManifest.xml:31:17-49
88        </provider>
89
90        <service
90-->[androidx.work:work-runtime:2.9.0] AndroidManifest.xml:39:9-45:35
91            android:name="androidx.work.impl.background.systemalarm.SystemAlarmService"
91-->[androidx.work:work-runtime:2.9.0] AndroidManifest.xml:40:13-88
92            android:directBootAware="false"
92-->[androidx.work:work-runtime:2.9.0] AndroidManifest.xml:41:13-44
93            android:enabled="@bool/enable_system_alarm_service_default"
93-->[androidx.work:work-runtime:2.9.0] AndroidManifest.xml:42:13-72
94            android:exported="false" />
94-->[androidx.work:work-runtime:2.9.0] AndroidManifest.xml:43:13-37
95        <service
95-->[androidx.work:work-runtime:2.9.0] AndroidManifest.xml:46:9-52:35
96            android:name="androidx.work.impl.background.systemjob.SystemJobService"
96-->[androidx.work:work-runtime:2.9.0] AndroidManifest.xml:47:13-84
97            android:directBootAware="false"
97-->[androidx.work:work-runtime:2.9.0] AndroidManifest.xml:48:13-44
98            android:enabled="@bool/enable_system_job_service_default"
98-->[androidx.work:work-runtime:2.9.0] AndroidManifest.xml:49:13-70
99            android:exported="true"
99-->[androidx.work:work-runtime:2.9.0] AndroidManifest.xml:50:13-36
100            android:permission="android.permission.BIND_JOB_SERVICE" />
100-->[androidx.work:work-runtime:2.9.0] AndroidManifest.xml:51:13-69
101        <service
101-->[androidx.work:work-runtime:2.9.0] AndroidManifest.xml:53:9-59:35
102            android:name="androidx.work.impl.foreground.SystemForegroundService"
102-->[androidx.work:work-runtime:2.9.0] AndroidManifest.xml:54:13-81
103            android:directBootAware="false"
103-->[androidx.work:work-runtime:2.9.0] AndroidManifest.xml:55:13-44
104            android:enabled="@bool/enable_system_foreground_service_default"
104-->[androidx.work:work-runtime:2.9.0] AndroidManifest.xml:56:13-77
105            android:exported="false" />
105-->[androidx.work:work-runtime:2.9.0] AndroidManifest.xml:57:13-37
106
107        <receiver
107-->[androidx.work:work-runtime:2.9.0] AndroidManifest.xml:61:9-66:35
108            android:name="androidx.work.impl.utils.ForceStopRunnable$BroadcastReceiver"
108-->[androidx.work:work-runtime:2.9.0] AndroidManifest.xml:62:13-88
109            android:directBootAware="false"
109-->[androidx.work:work-runtime:2.9.0] AndroidManifest.xml:63:13-44
110            android:enabled="true"
110-->[androidx.work:work-runtime:2.9.0] AndroidManifest.xml:64:13-35
111            android:exported="false" />
111-->[androidx.work:work-runtime:2.9.0] AndroidManifest.xml:65:13-37
112        <receiver
112-->[androidx.work:work-runtime:2.9.0] AndroidManifest.xml:67:9-77:20
113            android:name="androidx.work.impl.background.systemalarm.ConstraintProxy$BatteryChargingProxy"
113-->[androidx.work:work-runtime:2.9.0] AndroidManifest.xml:68:13-106
114            android:directBootAware="false"
114-->[androidx.work:work-runtime:2.9.0] AndroidManifest.xml:69:13-44
115            android:enabled="false"
115-->[androidx.work:work-runtime:2.9.0] AndroidManifest.xml:70:13-36
116            android:exported="false" >
116-->[androidx.work:work-runtime:2.9.0] AndroidManifest.xml:71:13-37
117            <intent-filter>
117-->[androidx.work:work-runtime:2.9.0] AndroidManifest.xml:73:13-76:29
118                <action android:name="android.intent.action.ACTION_POWER_CONNECTED" />
118-->[androidx.work:work-runtime:2.9.0] AndroidManifest.xml:74:17-87
118-->[androidx.work:work-runtime:2.9.0] AndroidManifest.xml:74:25-84
119                <action android:name="android.intent.action.ACTION_POWER_DISCONNECTED" />
119-->[androidx.work:work-runtime:2.9.0] AndroidManifest.xml:75:17-90
119-->[androidx.work:work-runtime:2.9.0] AndroidManifest.xml:75:25-87
120            </intent-filter>
121        </receiver>
122        <receiver
122-->[androidx.work:work-runtime:2.9.0] AndroidManifest.xml:78:9-88:20
123            android:name="androidx.work.impl.background.systemalarm.ConstraintProxy$BatteryNotLowProxy"
123-->[androidx.work:work-runtime:2.9.0] AndroidManifest.xml:79:13-104
124            android:directBootAware="false"
124-->[androidx.work:work-runtime:2.9.0] AndroidManifest.xml:80:13-44
125            android:enabled="false"
125-->[androidx.work:work-runtime:2.9.0] AndroidManifest.xml:81:13-36
126            android:exported="false" >
126-->[androidx.work:work-runtime:2.9.0] AndroidManifest.xml:82:13-37
127            <intent-filter>
127-->[androidx.work:work-runtime:2.9.0] AndroidManifest.xml:84:13-87:29
128                <action android:name="android.intent.action.BATTERY_OKAY" />
128-->[androidx.work:work-runtime:2.9.0] AndroidManifest.xml:85:17-77
128-->[androidx.work:work-runtime:2.9.0] AndroidManifest.xml:85:25-74
129                <action android:name="android.intent.action.BATTERY_LOW" />
129-->[androidx.work:work-runtime:2.9.0] AndroidManifest.xml:86:17-76
129-->[androidx.work:work-runtime:2.9.0] AndroidManifest.xml:86:25-73
130            </intent-filter>
131        </receiver>
132        <receiver
132-->[androidx.work:work-runtime:2.9.0] AndroidManifest.xml:89:9-99:20
133            android:name="androidx.work.impl.background.systemalarm.ConstraintProxy$StorageNotLowProxy"
133-->[androidx.work:work-runtime:2.9.0] AndroidManifest.xml:90:13-104
134            android:directBootAware="false"
134-->[androidx.work:work-runtime:2.9.0] AndroidManifest.xml:91:13-44
135            android:enabled="false"
135-->[androidx.work:work-runtime:2.9.0] AndroidManifest.xml:92:13-36
136            android:exported="false" >
136-->[androidx.work:work-runtime:2.9.0] AndroidManifest.xml:93:13-37
137            <intent-filter>
137-->[androidx.work:work-runtime:2.9.0] AndroidManifest.xml:95:13-98:29
138                <action android:name="android.intent.action.DEVICE_STORAGE_LOW" />
138-->[androidx.work:work-runtime:2.9.0] AndroidManifest.xml:96:17-83
138-->[androidx.work:work-runtime:2.9.0] AndroidManifest.xml:96:25-80
139                <action android:name="android.intent.action.DEVICE_STORAGE_OK" />
139-->[androidx.work:work-runtime:2.9.0] AndroidManifest.xml:97:17-82
139-->[androidx.work:work-runtime:2.9.0] AndroidManifest.xml:97:25-79
140            </intent-filter>
141        </receiver>
142        <receiver
142-->[androidx.work:work-runtime:2.9.0] AndroidManifest.xml:100:9-109:20
143            android:name="androidx.work.impl.background.systemalarm.ConstraintProxy$NetworkStateProxy"
143-->[androidx.work:work-runtime:2.9.0] AndroidManifest.xml:101:13-103
144            android:directBootAware="false"
144-->[androidx.work:work-runtime:2.9.0] AndroidManifest.xml:102:13-44
145            android:enabled="false"
145-->[androidx.work:work-runtime:2.9.0] AndroidManifest.xml:103:13-36
146            android:exported="false" >
146-->[androidx.work:work-runtime:2.9.0] AndroidManifest.xml:104:13-37
147            <intent-filter>
147-->[androidx.work:work-runtime:2.9.0] AndroidManifest.xml:106:13-108:29
148                <action android:name="android.net.conn.CONNECTIVITY_CHANGE" />
148-->[androidx.work:work-runtime:2.9.0] AndroidManifest.xml:107:17-79
148-->[androidx.work:work-runtime:2.9.0] AndroidManifest.xml:107:25-76
149            </intent-filter>
150        </receiver>
151        <receiver
151-->[androidx.work:work-runtime:2.9.0] AndroidManifest.xml:110:9-121:20
152            android:name="androidx.work.impl.background.systemalarm.RescheduleReceiver"
152-->[androidx.work:work-runtime:2.9.0] AndroidManifest.xml:111:13-88
153            android:directBootAware="false"
153-->[androidx.work:work-runtime:2.9.0] AndroidManifest.xml:112:13-44
154            android:enabled="false"
154-->[androidx.work:work-runtime:2.9.0] AndroidManifest.xml:113:13-36
155            android:exported="false" >
155-->[androidx.work:work-runtime:2.9.0] AndroidManifest.xml:114:13-37
156            <intent-filter>
156-->[androidx.work:work-runtime:2.9.0] AndroidManifest.xml:116:13-120:29
157                <action android:name="android.intent.action.BOOT_COMPLETED" />
157-->[androidx.work:work-runtime:2.9.0] AndroidManifest.xml:117:17-79
157-->[androidx.work:work-runtime:2.9.0] AndroidManifest.xml:117:25-76
158                <action android:name="android.intent.action.TIME_SET" />
158-->[androidx.work:work-runtime:2.9.0] AndroidManifest.xml:118:17-73
158-->[androidx.work:work-runtime:2.9.0] AndroidManifest.xml:118:25-70
159                <action android:name="android.intent.action.TIMEZONE_CHANGED" />
159-->[androidx.work:work-runtime:2.9.0] AndroidManifest.xml:119:17-81
159-->[androidx.work:work-runtime:2.9.0] AndroidManifest.xml:119:25-78
160            </intent-filter>
161        </receiver>
162        <receiver
162-->[androidx.work:work-runtime:2.9.0] AndroidManifest.xml:122:9-131:20
163            android:name="androidx.work.impl.background.systemalarm.ConstraintProxyUpdateReceiver"
163-->[androidx.work:work-runtime:2.9.0] AndroidManifest.xml:123:13-99
164            android:directBootAware="false"
164-->[androidx.work:work-runtime:2.9.0] AndroidManifest.xml:124:13-44
165            android:enabled="@bool/enable_system_alarm_service_default"
165-->[androidx.work:work-runtime:2.9.0] AndroidManifest.xml:125:13-72
166            android:exported="false" >
166-->[androidx.work:work-runtime:2.9.0] AndroidManifest.xml:126:13-37
167            <intent-filter>
167-->[androidx.work:work-runtime:2.9.0] AndroidManifest.xml:128:13-130:29
168                <action android:name="androidx.work.impl.background.systemalarm.UpdateProxies" />
168-->[androidx.work:work-runtime:2.9.0] AndroidManifest.xml:129:17-98
168-->[androidx.work:work-runtime:2.9.0] AndroidManifest.xml:129:25-95
169            </intent-filter>
170        </receiver>
171        <receiver
171-->[androidx.work:work-runtime:2.9.0] AndroidManifest.xml:132:9-142:20
172            android:name="androidx.work.impl.diagnostics.DiagnosticsReceiver"
172-->[androidx.work:work-runtime:2.9.0] AndroidManifest.xml:133:13-78
173            android:directBootAware="false"
173-->[androidx.work:work-runtime:2.9.0] AndroidManifest.xml:134:13-44
174            android:enabled="true"
174-->[androidx.work:work-runtime:2.9.0] AndroidManifest.xml:135:13-35
175            android:exported="true"
175-->[androidx.work:work-runtime:2.9.0] AndroidManifest.xml:136:13-36
176            android:permission="android.permission.DUMP" >
176-->[androidx.work:work-runtime:2.9.0] AndroidManifest.xml:137:13-57
177            <intent-filter>
177-->[androidx.work:work-runtime:2.9.0] AndroidManifest.xml:139:13-141:29
178                <action android:name="androidx.work.diagnostics.REQUEST_DIAGNOSTICS" />
178-->[androidx.work:work-runtime:2.9.0] AndroidManifest.xml:140:17-88
178-->[androidx.work:work-runtime:2.9.0] AndroidManifest.xml:140:25-85
179            </intent-filter>
180        </receiver>
181
182        <uses-library
182-->[androidx.window:window:1.0.0] AndroidManifest.xml:25:9-27:40
183            android:name="androidx.window.extensions"
183-->[androidx.window:window:1.0.0] AndroidManifest.xml:26:13-54
184            android:required="false" />
184-->[androidx.window:window:1.0.0] AndroidManifest.xml:27:13-37
185        <uses-library
185-->[androidx.window:window:1.0.0] AndroidManifest.xml:28:9-30:40
186            android:name="androidx.window.sidecar"
186-->[androidx.window:window:1.0.0] AndroidManifest.xml:29:13-51
187            android:required="false" />
187-->[androidx.window:window:1.0.0] AndroidManifest.xml:30:13-37
188
189        <service
189-->[androidx.room:room-runtime:2.6.1] AndroidManifest.xml:24:9-28:63
190            android:name="androidx.room.MultiInstanceInvalidationService"
190-->[androidx.room:room-runtime:2.6.1] AndroidManifest.xml:25:13-74
191            android:directBootAware="true"
191-->[androidx.room:room-runtime:2.6.1] AndroidManifest.xml:26:13-43
192            android:exported="false" />
192-->[androidx.room:room-runtime:2.6.1] AndroidManifest.xml:27:13-37
193
194        <meta-data
194-->[com.google.android.gms:play-services-basement:18.1.0] AndroidManifest.xml:21:9-23:69
195            android:name="com.google.android.gms.version"
195-->[com.google.android.gms:play-services-basement:18.1.0] AndroidManifest.xml:22:13-58
196            android:value="@integer/google_play_services_version" />
196-->[com.google.android.gms:play-services-basement:18.1.0] AndroidManifest.xml:23:13-66
197
198        <receiver
198-->[androidx.profileinstaller:profileinstaller:1.3.1] AndroidManifest.xml:34:9-52:20
199            android:name="androidx.profileinstaller.ProfileInstallReceiver"
199-->[androidx.profileinstaller:profileinstaller:1.3.1] AndroidManifest.xml:35:13-76
200            android:directBootAware="false"
200-->[androidx.profileinstaller:profileinstaller:1.3.1] AndroidManifest.xml:36:13-44
201            android:enabled="true"
201-->[androidx.profileinstaller:profileinstaller:1.3.1] AndroidManifest.xml:37:13-35
202            android:exported="true"
202-->[androidx.profileinstaller:profileinstaller:1.3.1] AndroidManifest.xml:38:13-36
203            android:permission="android.permission.DUMP" >
203-->[androidx.profileinstaller:profileinstaller:1.3.1] AndroidManifest.xml:39:13-57
204            <intent-filter>
204-->[androidx.profileinstaller:profileinstaller:1.3.1] AndroidManifest.xml:40:13-42:29
205                <action android:name="androidx.profileinstaller.action.INSTALL_PROFILE" />
205-->[androidx.profileinstaller:profileinstaller:1.3.1] AndroidManifest.xml:41:17-91
205-->[androidx.profileinstaller:profileinstaller:1.3.1] AndroidManifest.xml:41:25-88
206            </intent-filter>
207            <intent-filter>
207-->[androidx.profileinstaller:profileinstaller:1.3.1] AndroidManifest.xml:43:13-45:29
208                <action android:name="androidx.profileinstaller.action.SKIP_FILE" />
208-->[androidx.profileinstaller:profileinstaller:1.3.1] AndroidManifest.xml:44:17-85
208-->[androidx.profileinstaller:profileinstaller:1.3.1] AndroidManifest.xml:44:25-82
209            </intent-filter>
210            <intent-filter>
210-->[androidx.profileinstaller:profileinstaller:1.3.1] AndroidManifest.xml:46:13-48:29
211                <action android:name="androidx.profileinstaller.action.SAVE_PROFILE" />
211-->[androidx.profileinstaller:profileinstaller:1.3.1] AndroidManifest.xml:47:17-88
211-->[androidx.profileinstaller:profileinstaller:1.3.1] AndroidManifest.xml:47:25-85
212            </intent-filter>
213            <intent-filter>
213-->[androidx.profileinstaller:profileinstaller:1.3.1] AndroidManifest.xml:49:13-51:29
214                <action android:name="androidx.profileinstaller.action.BENCHMARK_OPERATION" />
214-->[androidx.profileinstaller:profileinstaller:1.3.1] AndroidManifest.xml:50:17-95
214-->[androidx.profileinstaller:profileinstaller:1.3.1] AndroidManifest.xml:50:25-92
215            </intent-filter>
216        </receiver>
217    </application>
218
219</manifest>